
R version 4.1.0 (2021-05-18) -- "Camp Pontanezen"
Copyright (C) 2021 The R Foundation for Statistical Computing
Platform: x86_64-pc-linux-gnu (64-bit)

R is free software and comes with ABSOLUTELY NO WARRANTY.
You are welcome to redistribute it under certain conditions.
Type 'license()' or 'licence()' for distribution details.

  Natural language support but running in an English locale

R is a collaborative project with many contributors.
Type 'contributors()' for more information and
'citation()' on how to cite R or R packages in publications.

Type 'demo()' for some demos, 'help()' for on-line help, or
'help.start()' for an HTML browser interface to help.
Type 'q()' to quit R.

> ###################### Preparing Mosquito Alert Data ###########################
> library(tidyverse)
── Attaching core tidyverse packages ──────────────────────── tidyverse 2.0.0 ──
✔ dplyr     1.1.4     ✔ readr     2.1.5
✔ forcats   1.0.0     ✔ stringr   1.5.1
✔ ggplot2   3.5.1     ✔ tibble    3.2.1
✔ lubridate 1.9.3     ✔ tidyr     1.3.1
✔ purrr     1.0.2     
── Conflicts ────────────────────────────────────────── tidyverse_conflicts() ──
✖ dplyr::filter() masks stats::filter()
✖ dplyr::lag()    masks stats::lag()
ℹ Use the conflicted package (<http://conflicted.r-lib.org/>) to force all conflicts to become errors
> library(sf)
Linking to GEOS 3.8.0, GDAL 3.0.4, PROJ 6.3.1; sf_use_s2() is TRUE
> library(terra)
terra 1.7.71

Attaching package: ‘terra’

The following object is masked from ‘package:tidyr’:

    extract

> library(parallel)
> library(data.table)

Attaching package: ‘data.table’

The following object is masked from ‘package:terra’:

    shift

The following objects are masked from ‘package:lubridate’:

    hour, isoweek, mday, minute, month, quarter, second, wday, week,
    yday, year

The following objects are masked from ‘package:dplyr’:

    between, first, last

The following object is masked from ‘package:purrr’:

    transpose

> library(readxl)
> 
> rm(list = ls())
> # Directories ------------------------------------------------------------------
> # # In local
> loc.output <- paste0(getwd(), "/OUTPUT/")
> loc.data <- paste0(getwd(), "/DATA/")
> loc.era5 <- "/home/catuxa/Documents/Mosquito_Models/EU_Culex/ERA5_Download/"
> 
> # In cluster
> loc.output <- paste0(getwd(), "/Spain_Tiger/OUTPUT/")
> loc.data <- paste0(getwd(), "/Spain_Tiger/DATA/")
> loc.era5 <- paste0(getwd(), "/EU_Culex/ERA5_Download/")
> 
> sf::sf_use_s2(FALSE)
Spherical geometry (s2) switched off
> # Loading Spain map ------------------------------------------------------------
> spain <- readRDS(paste0(loc.output, "spain_mun.rds")) %>%
+   mutate(
+     municipality = if_else(is.na(municipality), "no_name", municipality)
+   ) %>% st_transform(4326)
Warning message:
In CPL_transform(x, crs, aoi, pipeline, reverse, desired_accuracy,  :
  GDAL Error 1: PROJ: proj_as_wkt: DatumEnsemble can only be exported to WKT2:2019
> 
> # Checking all municipalities
> ggplot() +
+   geom_sf(data = spain, fill = "black", color = "transparent",
+           size = 0.01, alpha = 0.8, na.rm = TRUE) 
> 
> # Download Bites data ----------------------------------------------------------
> bites <- read_excel(paste0(loc.data, "bites.xlsx"), col_names = TRUE) %>%
+   janitor::clean_names() %>%
+   mutate(
+     date = as.Date(date), # Extract date
+     time = format(as.POSIXct(date, tz = "UTC"), "%H:%M:%S") # Extrat hour
+   ) %>%
+   dplyr::select(date, time, longitude, latitude) %>% 
+   st_as_sf(coords = c("longitude", "latitude"), crs = 4326, remove = FALSE) 
>   
> index_intersects <- st_intersects(bites, spain) 
although coordinates are longitude/latitude, st_intersects assumes that they
are planar
although coordinates are longitude/latitude, st_intersects assumes that they
are planar
> index_intersects <- lengths(index_intersects) > 0
> 
> bites <- bites[index_intersects, ] # Only selecting Spain data
> 
> # We have to add a new random effect: the municipality!
> bites <- st_join(bites, spain, join = st_intersects) 
although coordinates are longitude/latitude, st_intersects assumes that they
are planar
although coordinates are longitude/latitude, st_intersects assumes that they
are planar
> bites <- merge(bites, spain %>% st_drop_geometry() , by = c("municipality", "id", "prov_name")) # N = 5870
> 
> bites$n_target_reps <- 1
> # # Checking the selected points
> # plot(st_geometry(spain))
> # st_geometry(bites) <- "geometry"
> # plot(st_geometry(bites), add = TRUE)
> bites$geometry <- NULL
> 
> # loading sampling_effort data -------------------------------------------------
> trs_daily <- data.table::fread("https://github.com/Mosquito-Alert/sampling_effort_data/raw/main/sampling_effort_daily_cellres_025.csv.gz") %>%
+   as_tibble() %>%
+   mutate(
+     date = as_date(date),
+     y = year(as_date(date)),
+     m = month(as_date(date)),
+     n_total_reports = n_reports_albopictus + n_reports_bite + n_reports_culex + n_reports_japonicus + n_reports_aegypti + n_reports_koreicus,
+     n_total_reporters = n_reporters_albopictus + n_reporters_bite + n_reporters_culex + n_reporters_japonicus + n_reporters_aegypti + n_reporters_koreicus
+   ) %>%
+   filter(y %in% c("2020", "2021", "2022")) %>%
+   st_as_sf(coords = c("masked_lon", "masked_lat"), remove = FALSE, crs = 4326)
> 
> index_intersects <- st_intersects(trs_daily, spain) 
although coordinates are longitude/latitude, st_intersects assumes that they
are planar
although coordinates are longitude/latitude, st_intersects assumes that they
are planar
> index_intersects <- lengths(index_intersects) > 0
> 
> trs_daily <- trs_daily[index_intersects, ] # Only selecting Spain data
> 
> # We have to add a new random effect: the municipality!
> trs_daily <- st_join(trs_daily, spain, join = st_intersects) %>% st_drop_geometry() 
although coordinates are longitude/latitude, st_intersects assumes that they
are planar
although coordinates are longitude/latitude, st_intersects assumes that they
are planar
> trs_daily <- merge(trs_daily, spain, by = c("municipality", "id", "prov_name")) # N = 55030
> 
> trs_daily = trs_daily %>%
+   rename(SEev = SE_expected) %>%
+   st_drop_geometry() %>%
+   group_by(date, municipality, id, prov_name, geometry) %>%
+   summarize(
+     SEev = sum(SEev),
+     SE = 1-prod(1-SE), # This comes directly fom John's script: one user at least send one report
+     n_total_reports = sum(n_total_reports),
+     n_total_reporters = sum(n_total_reporters)
+   ) %>%
+   ungroup() # n = 42306
`summarise()` has grouped output by 'date', 'municipality', 'id', 'prov_name'.
You can override using the `.groups` argument.
> # st_geometry(trs_daily) <- "geometry"
> 
> bites_df = trs_daily %>% 
+   left_join(bites, by = c("municipality", "id", "date", "prov_name")) %>%
+   replace_na(list(n_target_reps=0)) %>%
+   filter(SE>0) %>% 
+   mutate(
+     any_reps = n_target_reps > 0,
+     reps_per_SEev = n_target_reps/(SEev),
+     rep_per_reporter = n_total_reports/n_total_reporters
+   ) %>% 
+   mutate(SE_log_odds = log( (SE+.0001)/(1-SE+.0001))) # 43443
> 
> bites_df <-  bites_df %>% mutate(
+   app_phase = case_when(
+     (date >= as_date("2014-06-01") & date < as_date("2014-10-01")) ~ "p1",
+     (date >= as_date("2014-10-01") & date < as_date("2015-07-01")) ~ "p2",
+     (date >= as_date("2015-07-01") & date < as_date("2016-10-01")) ~ "p3",
+     (date >= as_date("2016-10-01") & date < as_date("2017-04-01")) ~ "p4",
+     (date >= as_date("2017-04-01") & date < as_date("2019-02-01")) ~ "p5",
+     (date >= as_date("2019-02-01") & date < as_date("2020-10-01")) ~ "p6",
+     (date >= as_date("2020-10-01")) ~ "p7")
+   )
> 
> summary(as.factor(bites_df$n_target_reps))
    0     1 
39154  4289 
> 
> # bites_df$geometry <- NULL
> st_geometry(bites_df) <- "geometry"
> # Adding other information -----------------------------------------------------
> # Extracting climatic variables from nc raster ---------------------------------
> bites_df <- st_centroid(bites_df) %>%
+   mutate(longitude = st_coordinates(.)[,1], latitude = st_coordinates(.)[,2]) %>%
+   st_drop_geometry() %>%
+   st_as_sf(coords = c("longitude", "latitude"), crs = 4326, remove = FALSE)
Warning messages:
1: st_centroid assumes attributes are constant over geometries 
2: In st_centroid.sfc(st_geometry(x), of_largest_polygon = of_largest_polygon) :
  st_centroid does not give correct centroids for longitude/latitude data
> # plot(st_geometry(centoids))
> 
> # Full function ----------------------------------------------------------------
> # Loading the functions
> # In local
> # source("read_and_extract_grib_data.R")
> # In cluster
> # source("/home/usuaris/ccerecedo/EU_Culex/read_and_extract_grib_data.R")
> 
> # In local
> source("read_and_extract_nc_data_daily_for_bites.R")
Error in file(filename, "r", encoding = encoding) : 
  cannot open the connection
Calls: source -> file
In addition: Warning message:
In file(filename, "r", encoding = encoding) :
  cannot open file 'read_and_extract_nc_data_daily_for_bites.R': No such file or directory
Execution halted
